Cocos2d: 
<dict>
	cocos2d.x.version: 2.2.1
	cocos2d.x.compiled_with_profiler: false
	cocos2d.x.compiled_with_gl_state_cache: true
	gl.vendor: NVIDIA Corporation
	gl.renderer: NVIDIA GeForce GT 650M OpenGL Engine
	gl.version: 2.1 NVIDIA-8.24.9 310.40.25f01
	gl.max_texture_size: 16384
	gl.max_texture_units: 16
	gl.supports_PVRTC: false
	gl.supports_NPOT: true
	gl.supports_BGRA8888: false
	gl.supports_discard_framebuffer: false
	gl.supports_vertex_array_object: true
</dict>
Cocos2d: lua_loadChunksFromZIP() - load zip file: /Users/chenquanjun/Documents/Project/QuickX/quick-cocos2d-x/lib/framework_precompiled/framework_precompiled.zip
Cocos2d: lua_loadChunksFromZIP() - loaded chunks count: 54
Cocos2d: ------------------------------------------------
Cocos2d: LOAD LUA FILE: /Users/chenquanjun/Documents/gitHub/Quick-x-CCLabelChange/scripts/main.lua
Cocos2d: ------------------------------------------------
Cocos2d: [0.0101] [INFO] 
Cocos2d: [0.0101] [INFO] # DEBUG                        = 2
Cocos2d: [0.0101] [INFO] #
Cocos2d: [0.0102] [INFO] # device.platform              = mac
Cocos2d: [0.0102] [INFO] # device.model                 = unknown
Cocos2d: [0.0102] [INFO] # device.language              = cn
Cocos2d: [0.0102] [INFO] # device.writablePath          = /Users/chenquanjun/Documents/gitHub/Quick-x-CCLabelChange/
Cocos2d: [0.0102] [INFO] # device.cachePath             = /Users/chenquanjun/Documents/gitHub/Quick-x-CCLabelChange/
Cocos2d: [0.0102] [INFO] # device.directorySeparator    = /
Cocos2d: [0.0102] [INFO] # device.pathSeparator         = :
Cocos2d: [0.0102] [INFO] #
Cocos2d: [0.0115] [INFO] # CONFIG_SCREEN_AUTOSCALE      = FIXED_HEIGHT
Cocos2d: [0.0115] [INFO] # CONFIG_SCREEN_WIDTH          = 960.00
Cocos2d: [0.0115] [INFO] # CONFIG_SCREEN_HEIGHT         = 640.00
Cocos2d: [0.0115] [INFO] # display.widthInPixels        = 960.00
Cocos2d: [0.0115] [INFO] # display.heightInPixels       = 640.00
Cocos2d: [0.0115] [INFO] # display.contentScaleFactor   = 1.00
Cocos2d: [0.0115] [INFO] # display.width                = 960.00
Cocos2d: [0.0115] [INFO] # display.height               = 640.00
Cocos2d: [0.0115] [INFO] # display.cx                   = 480.00
Cocos2d: [0.0115] [INFO] # display.cy                   = 320.00
Cocos2d: [0.0115] [INFO] # display.left                 = 0.00
Cocos2d: [0.0115] [INFO] # display.right                = 960.00
Cocos2d: [0.0115] [INFO] # display.top                  = 640.00
Cocos2d: [0.0116] [INFO] # display.bottom               = 0.00
Cocos2d: [0.0116] [INFO] # display.c_left               = -480.00
Cocos2d: [0.0116] [INFO] # display.c_right              = 480.00
Cocos2d: [0.0116] [INFO] # display.c_top                = 320.00
Cocos2d: [0.0116] [INFO] # display.c_bottom             = -320.00
Cocos2d: [0.0116] [INFO] #
Cocos2d: [0.1104] [INFO] Scene "MainScene:onEnter()"
Cocos2d: [2.6562] exit
Cocos2d: [3.6402] exit
Cocos2d: [10.1223] [INFO] LUA VM MEMORY USED: 1354.59 KB
Cocos2d: [20.1228] [INFO] LUA VM MEMORY USED: 1354.69 KB
Cocos2d: [30.1386] [INFO] LUA VM MEMORY USED: 1354.79 KB
Cocos2d: [40.1394] [INFO] LUA VM MEMORY USED: 1354.88 KB
